1000      COPY       START     1000 
1000      FIRST      STL       RETADR             141033
1003      CLOOP      JSUB      RDREC              482039
1006                 LDA       LENGTH             001036
1009                 COMP      ZERO               281030
100C                 JEQ       ENDFIL             301015
100F                 JSUB      RDREC              482039
1012                 J         CLOOP              3C1003
1015      ENDFIL     LDA       =C'EOF'            00102A
1018                 STA       BUFFER             0C1039
101B                 LDA       THREE              00102D
101E                 STA       LENGTH             0C1036
1021                 JSUB      WRREC              482060
1024                 LDL       RETADR             081033
1027                 RSUB                         4C0000
                     LTORG 
102A      *          =C'EOF'                      454f46
102D      THREE      WORD      3                  000003
1030      ZERO       WORD      0                  000000
1033      RETADR     RESW      1
1036      LENGTH     RESW      1
1039      BUFFER     RESB      4096
2039      RDREC      LDX       ZERO               041030
203C                 LDA       ZERO               001030
203F      RLOOP      TD        =X'F1'             E02078
2042                 JEQ       RLOOP              30203F
2045                 RD        =X'F1'             D82078
2048                 COMP      ZERO               281030
204B                 JEQ       EXIT               302057
204E                 STCH      BUFFER,X           549039
2051                 TIX       MAXLEN             2C205D
2054                 JLT       RLOOP              38203F
2057      EXIT       STX       LENGTH             101036
205A                 RSUB                         4C0000
205D      MAXLEN     WORD      4096               001000
2060      WRREC      LDX       ZERO               041030
2063      WLOOP      TD        =X'05'             E02079
2066                 JEQ       WLOOP              302063
2069                 LDCH      BUFFER,X           5011039
206C                 WD        =X'05'             DC2079
206F                 TIX       LENGTH             2C1036
2072                 JLT       WLOOP              382063
2075                 RSUB                         4C0000
                     END       FIRST
2078      *          =X'F1'                       F1
2079      *          =X'05'                       05
